<?xml version="1.0" encoding="UTF-8"?>
<testsuite xmlns:xsi="http://www.w3.org/2001/XMLSchema-instance" xsi:noNamespaceSchemaLocation="https://maven.apache.org/surefire/maven-surefire-plugin/xsd/surefire-test-report-3.0.xsd" version="3.0" name="fr.dovi.productservice.ProductServiceApplicationTests" time="10.785" tests="2" errors="0" skipped="0" failures="0">
  <properties>
[...]
</properties>
  <testcase name="shouldCreateProduct" classname="fr.dovi.productservice.ProductServiceApplicationTests" time="1.361">
    <system-out><![CDATA[14:41:14.090 [main] INFO org.springframework.test.context.support.AnnotationConfigContextLoaderUtils -- Could not detect default configuration classes for test class [fr.dovi.productservice.ProductServiceApplicationTests]: ProductServiceApplicationTests does not declare any static, non-private, non-final, nested classes annotated with @Configuration.
14:41:14.215 [main] INFO org.springframework.boot.test.context.SpringBootTestContextBootstrapper -- Found @SpringBootConfiguration fr.dovi.productservice.ProductServiceApplication for test class fr.dovi.productservice.ProductServiceApplicationTests
14:41:14.382 [main] INFO org.testcontainers.images.PullPolicy -- Image pull policy will be performed by: DefaultPullPolicy()
14:41:14.385 [main] INFO org.testcontainers.utility.ImageNameSubstitutor -- Image name substitution will be performed by: DefaultImageNameSubstitutor (composite of 'ConfigurationFileImageNameSubstitutor' and 'PrefixingImageNameSubstitutor')
14:41:14.754 [main] INFO org.testcontainers.dockerclient.DockerClientProviderStrategy -- Loaded org.testcontainers.dockerclient.NpipeSocketClientProviderStrategy from ~/.testcontainers.properties, will try it first
14:41:15.202 [main] INFO org.testcontainers.dockerclient.DockerClientProviderStrategy -- Found Docker environment with local Npipe socket (npipe:////./pipe/docker_engine)
14:41:15.204 [main] INFO org.testcontainers.DockerClientFactory -- Docker host IP address is localhost
14:41:15.229 [main] INFO org.testcontainers.DockerClientFactory -- Connected to docker: 
  Server Version: 20.10.21
  API Version: 1.41
  Operating System: Docker Desktop
  Total Memory: 12559 MB
14:41:15.276 [main] INFO tc.testcontainers/ryuk:0.5.1 -- Creating container for image: testcontainers/ryuk:0.5.1
14:41:16.167 [main] INFO org.testcontainers.utility.RegistryAuthLocator -- Credential helper/store (docker-credential-desktop) does not have credentials for https://index.docker.io/v1/
14:41:16.332 [main] INFO tc.testcontainers/ryuk:0.5.1 -- Container testcontainers/ryuk:0.5.1 is starting: 3aca89a74d6266507bd5e559ce18f718026af215c8c950c6f81fee48d46aa600
14:41:17.225 [main] INFO tc.testcontainers/ryuk:0.5.1 -- Container testcontainers/ryuk:0.5.1 started in PT1.9491932S
14:41:17.243 [main] INFO org.testcontainers.utility.RyukResourceReaper -- Ryuk started - will monitor and terminate Testcontainers containers on JVM exit
14:41:17.243 [main] INFO org.testcontainers.DockerClientFactory -- Checking the system...
14:41:17.244 [main] INFO org.testcontainers.DockerClientFactory -- ?? Docker server version should be at least 1.6.0
14:41:17.244 [main] INFO tc.mongo:4.4.2 -- Creating container for image: mongo:4.4.2
14:41:17.316 [main] INFO tc.mongo:4.4.2 -- Container mongo:4.4.2 is starting: a10d5714ecfad3a5d0a273ed27eb8049e3e225ae315e41eba2cc1da618409581
14:41:18.643 [main] INFO tc.mongo:4.4.2 -- Container mongo:4.4.2 started in PT1.3987114S

  .   ____          _            __ _ _
 /\\ / ___'_ __ _ _(_)_ __  __ _ \ \ \ \
( ( )\___ | '_ | '_| | '_ \/ _` | \ \ \ \
 \\/  ___)| |_)| | | | | || (_| |  ) ) ) )
  '  |____| .__|_| |_|_| |_\__, | / / / /
 =========|_|==============|___/=/_/_/_/
 :: Spring Boot ::                (v3.2.0)

2023-12-04T14:41:20.465+01:00  INFO 17748 --- [           main] f.d.p.ProductServiceApplicationTests     : Starting ProductServiceApplicationTests using Java 17.0.8 with PID 17748 (started by hocem.zemouri-ext in D:\sandbox\DEV\java\ecommerce-ms\ms-parent\product-service)
2023-12-04T14:41:20.466+01:00  INFO 17748 --- [           main] f.d.p.ProductServiceApplicationTests     : No active profile set, falling back to 1 default profile: "default"
2023-12-04T14:41:21.117+01:00  INFO 17748 --- [           main] .s.d.r.c.RepositoryConfigurationDelegate : Bootstrapping Spring Data MongoDB repositories in DEFAULT mode.
2023-12-04T14:41:21.205+01:00  INFO 17748 --- [           main] .s.d.r.c.RepositoryConfigurationDelegate : Finished Spring Data repository scanning in 80 ms. Found 1 MongoDB repository interface.
2023-12-04T14:41:21.753+01:00  INFO 17748 --- [           main] org.mongodb.driver.client                : MongoClient with metadata {"driver": {"name": "mongo-java-driver|sync|spring-boot", "version": "4.11.1"}, "os": {"type": "Windows", "name": "Windows 10", "architecture": "amd64", "version": "10.0"}, "platform": "Java/Oracle Corporation/17.0.8+9-LTS-211"} created with settings MongoClientSettings{readPreference=primary, writeConcern=WriteConcern{w=null, wTimeout=null ms, journal=null}, retryWrites=true, retryReads=true, readConcern=ReadConcern{level=null}, credential=null, transportSettings=null, streamFactoryFactory=null, commandListeners=[], codecRegistry=ProvidersCodecRegistry{codecProviders=[ValueCodecProvider{}, BsonValueCodecProvider{}, DBRefCodecProvider{}, DBObjectCodecProvider{}, DocumentCodecProvider{}, CollectionCodecProvider{}, IterableCodecProvider{}, MapCodecProvider{}, GeoJsonCodecProvider{}, GridFSFileCodecProvider{}, Jsr310CodecProvider{}, JsonObjectCodecProvider{}, BsonCodecProvider{}, EnumCodecProvider{}, com.mongodb.client.model.mql.ExpressionCodecProvider@600bbf9e, com.mongodb.Jep395RecordCodecProvider@18d30e7, com.mongodb.KotlinCodecProvider@72b40f87]}, loggerSettings=LoggerSettings{maxDocumentLength=1000}, clusterSettings={hosts=[localhost:57488], srvServiceName=mongodb, mode=SINGLE, requiredClusterType=UNKNOWN, requiredReplicaSetName='null', serverSelector='null', clusterListeners='[]', serverSelectionTimeout='30000 ms', localThreshold='15 ms'}, socketSettings=SocketSettings{connectTimeoutMS=10000, readTimeoutMS=0, receiveBufferSize=0, proxySettings=ProxySettings{host=null, port=null, username=null, password=null}}, heartbeatSocketSettings=SocketSettings{connectTimeoutMS=10000, readTimeoutMS=10000, receiveBufferSize=0, proxySettings=ProxySettings{host=null, port=null, username=null, password=null}}, connectionPoolSettings=ConnectionPoolSettings{maxSize=100, minSize=0, maxWaitTimeMS=120000, maxConnectionLifeTimeMS=0, maxConnectionIdleTimeMS=0, maintenanceInitialDelayMS=0, maintenanceFrequencyMS=60000, connectionPoolListeners=[], maxConnecting=2}, serverSettings=ServerSettings{heartbeatFrequencyMS=10000, minHeartbeatFrequencyMS=500, serverListeners='[]', serverMonitorListeners='[]'}, sslSettings=SslSettings{enabled=false, invalidHostNameAllowed=false, context=null}, applicationName='null', compressorList=[], uuidRepresentation=JAVA_LEGACY, serverApi=null, autoEncryptionSettings=null, dnsClient=null, inetAddressResolver=null, contextProvider=null}
2023-12-04T14:41:21.776+01:00  INFO 17748 --- [localhost:57488] org.mongodb.driver.cluster               : Monitor thread successfully connected to server with description ServerDescription{address=localhost:57488, type=REPLICA_SET_PRIMARY, state=CONNECTED, ok=true, minWireVersion=0, maxWireVersion=9, maxDocumentSize=16777216, logicalSessionTimeoutMinutes=30, roundTripTimeNanos=41265900, setName='docker-rs', canonicalAddress=a10d5714ecfa:27017, hosts=[a10d5714ecfa:27017], passives=[], arbiters=[], primary='a10d5714ecfa:27017', tagSet=TagSet{[]}, electionId=7fffffff0000000000000001, setVersion=1, topologyVersion=TopologyVersion{processId=656dd6fd0a262648ab54e257, counter=6}, lastWriteDate=Mon Dec 04 14:41:19 CET 2023, lastUpdateTimeNanos=18308132245700}
2023-12-04T14:41:22.809+01:00  INFO 17748 --- [           main] o.s.b.t.m.w.SpringBootMockServletContext : Initializing Spring TestDispatcherServlet ''
2023-12-04T14:41:22.809+01:00  INFO 17748 --- [           main] o.s.t.web.servlet.TestDispatcherServlet  : Initializing Servlet ''
2023-12-04T14:41:22.813+01:00  INFO 17748 --- [           main] o.s.t.web.servlet.TestDispatcherServlet  : Completed initialization in 1 ms
2023-12-04T14:41:22.841+01:00  INFO 17748 --- [           main] f.d.p.ProductServiceApplicationTests     : Started ProductServiceApplicationTests in 2.668 seconds (process running for 9.666)
2023-12-04T14:41:24.177+01:00  INFO 17748 --- [           main] f.d.p.service.ProductService             : Product 656dd7048b5d6578d892f293 is saved successfully
]]></system-out>
  </testcase>
  <testcase name="shouldGetAllProducts" classname="fr.dovi.productservice.ProductServiceApplicationTests" time="0.037"/>
</testsuite>